Chronologic VCS simulator copyright 1991-2022
Contains Synopsys proprietary information.
Compiler version T-2022.06_Full64; Runtime version T-2022.06_Full64;  Apr 18 13:47 2024
VCD+ Writer T-2022.06_Full64 Copyright (c) 1991-2022 by Synopsys Inc.
The file '/afs/ece.cmu.edu/usr/dzhang2/Private/18240/lab5/inter.vpd' was opened successfully.
$finish called from file "task2.sv", line 244.
$finish at simulation time                  625
Simulation complete, time is 625.
Chronologic VCS simulator copyright 1991-2022
Contains Synopsys proprietary information.
Compiler version T-2022.06_Full64; Runtime version T-2022.06_Full64;  Apr 18 13:48 2024
VCD+ Writer T-2022.06_Full64 Copyright (c) 1991-2022 by Synopsys Inc.
The file '/afs/ece.cmu.edu/usr/dzhang2/Private/18240/lab5/inter.vpd' was opened successfully.
$finish called from file "task2.sv", line 244.
$finish at simulation time                  625
Simulation complete, time is 625.
           V C S   S i m u l a t i o n   R e p o r t 
Time: 625
CPU Time:      0.280 seconds;       Data structure size:   0.0Mb
Thu Apr 18 13:48:52 2024
