# Preference setting overrides
gui_create_pref_key -category {Globals} -key {load_detail_for_funcov} -value_type {bool} -value {false}

# State setting overrides
gui_state_default_create -off -ini
gui_set_state_value -category Layout -key child_console_size_x -value 1254
gui_set_state_value -category Layout -key child_console_size_y -value 135
gui_set_state_value -category Layout -key child_data_size_x -value 105
gui_set_state_value -category Layout -key child_data_size_y -value 392
gui_set_state_value -category Layout -key child_hier_col3 -value {-1}
gui_set_state_value -category Layout -key child_hier_colpd -value 0
gui_set_state_value -category Layout -key child_hier_size_x -value 105
gui_set_state_value -category Layout -key child_hier_size_y -value 392
gui_set_state_value -category Layout -key child_hier_sort_column -value 1
gui_set_state_value -category Layout -key child_list_down -value 179
gui_set_state_value -category Layout -key child_list_right -value 444
gui_set_state_value -category Layout -key child_source_docknewline -value false
gui_set_state_value -category Layout -key child_source_pos_x -value {-2}
gui_set_state_value -category Layout -key child_source_pos_y -value {-15}
gui_set_state_value -category Layout -key child_source_size_x -value 1047
gui_set_state_value -category Layout -key child_source_size_y -value 387
gui_set_state_value -category Layout -key child_wave_colname -value 173
gui_set_state_value -category Layout -key child_wave_colvalue -value 173
gui_set_state_value -category Layout -key child_wave_left -value 351
gui_set_state_value -category Layout -key child_wave_right -value 855
gui_set_state_value -category Layout -key main_pos_x -value 8
gui_set_state_value -category Layout -key main_pos_y -value 32
gui_set_state_value -category Layout -key main_size_x -value 1262
gui_set_state_value -category Layout -key main_size_y -value 658
gui_set_state_value -category Layout -key stand_list_child_docknewline -value false
gui_set_state_value -category Layout -key stand_list_child_pos_x -value {-2}
gui_set_state_value -category Layout -key stand_list_child_pos_y -value {-15}
gui_set_state_value -category Layout -key stand_list_child_size_x -value 604
gui_set_state_value -category Layout -key stand_list_child_size_y -value 324
gui_set_state_value -category Layout -key stand_list_top_pos_y -value 65
gui_set_state_value -category Layout -key stand_list_top_size_x -value 1099
gui_set_state_value -category Layout -key stand_list_top_size_y -value 564
gui_set_state_value -category Layout -key stand_wave_child_docknewline -value false
gui_set_state_value -category Layout -key stand_wave_child_pos_x -value {-2}
gui_set_state_value -category Layout -key stand_wave_child_pos_y -value {-15}
gui_set_state_value -category Layout -key stand_wave_child_size_x -value 1216
gui_set_state_value -category Layout -key stand_wave_child_size_y -value 527
gui_set_state_value -category Layout -key stand_wave_top_pos_x -value 8
gui_set_state_value -category Layout -key stand_wave_top_pos_y -value 31
gui_set_state_value -category Layout -key stand_wave_top_size_x -value 1219
gui_set_state_value -category Layout -key stand_wave_top_size_y -value 662
gui_create_state_key -category FindDialog -key m_pMatchCase -value_type bool -value false
gui_create_state_key -category FindDialog -key m_pMatchWord -value_type bool -value false
gui_create_state_key -category FindDialog -key m_pUseCombo -value_type string -value {}
gui_create_state_key -category FindDialog -key m_pWrapAround -value_type bool -value true
gui_create_state_key -category Widget_History -key TopLevel.2|EkTopVbox|wndWorkspace|qt_workspacechild2|Wave.1|left|filterVBox|controlHBox|unnamed -value_type string -value Gam
gui_state_default_create -off

# Begin command logging
gui_sim_run Ucli -exe ./simv -args {-ucligui  } -dir .
gui_list_expand -id  Hier.1   test_bench
gui_list_select -id Data.1 { test_bench.DUT.start  test_bench.DUT.reset  test_bench.DUT.clock  {test_bench.DUT.a[7:0]}  {test_bench.DUT.b[7:0]}  {test_bench.DUT.out[15:0]}  test_bench.DUT.done  {test_bench.DUT.ZN_flags[1:0]}  test_bench.DUT.up  test_bench.DUT.load  {test_bench.DUT.D[3:0]}  test_bench.DUT.en_counter  test_bench.DUT.clear_counter  {test_bench.DUT.count[3:0]}  test_bench.DUT.sel  test_bench.DUT.sel_a  test_bench.DUT.AeqB  test_bench.DUT.AgtB  {test_bench.DUT.b_abs[15:0]}  {test_bench.DUT.not_b[15:0]}  {test_bench.DUT.a_new[15:0]}  {test_bench.DUT.b_new[15:0]}  {test_bench.DUT.not_product[15:0]}  {test_bench.DUT.product[15:0]}  {test_bench.DUT.A_shifted[15:0]}  {test_bench.DUT.B_shifted[15:0]}  test_bench.DUT.load_product  test_bench.DUT.clear_product  {test_bench.DUT.product_in[15:0]}  test_bench.DUT.select_add_amount  {test_bench.DUT.num_to_add[15:0]}   }
gui_open_window Wave
gui_list_add -id Wave.1 -from Data.1 { test_bench.DUT.start test_bench.DUT.reset test_bench.DUT.clock {test_bench.DUT.a[7:0]} {test_bench.DUT.b[7:0]} {test_bench.DUT.out[15:0]} test_bench.DUT.done {test_bench.DUT.ZN_flags[1:0]} test_bench.DUT.up test_bench.DUT.load {test_bench.DUT.D[3:0]} test_bench.DUT.en_counter test_bench.DUT.clear_counter {test_bench.DUT.count[3:0]} test_bench.DUT.sel test_bench.DUT.sel_a test_bench.DUT.AeqB test_bench.DUT.AgtB {test_bench.DUT.b_abs[15:0]} {test_bench.DUT.not_b[15:0]} {test_bench.DUT.a_new[15:0]} {test_bench.DUT.b_new[15:0]} {test_bench.DUT.not_product[15:0]} {test_bench.DUT.product[15:0]} {test_bench.DUT.A_shifted[15:0]} {test_bench.DUT.B_shifted[15:0]} test_bench.DUT.load_product test_bench.DUT.clear_product {test_bench.DUT.product_in[15:0]} test_bench.DUT.select_add_amount {test_bench.DUT.num_to_add[15:0]} } -insertionbar
gui_sim_continue  
gui_wv_scroll_hslidermove -id  Wave.1 45
gui_wv_scroll_hslidermove -id  Wave.1 439
gui_wv_scroll_hslidermove -id  Wave.1 5
gui_list_select -id Wave.1 -selected  { test_bench.DUT.done   }
gui_list_expand -id  Wave.1   {test_bench.DUT.ZN_flags[1:0]}
gui_marker_move -id  Wave.1 C1 100
gui_list_select -id Wave.1 -selected  { {test_bench.DUT.ZN_flags[1]}   }
gui_list_select -id Wave.1 -selected  { {test_bench.DUT.ZN_flags[0]}   }
gui_marker_move -id  Wave.1 C1 250
gui_wv_scroll_hslidermove -id  Wave.1 0
