13:36:57    16 -->                                                             [tcl] ucliGUI::connect -toolargs -ucligui -toolexe ./simv -pid 13513 -toolin /tmp/vcs_20240418173653_13512_dzhang2..stdin -toolout /tmp/vcs_20240418173653_13512_dzhang2..stdout  
13:36:57    17 -->                                                                 [tcl] set ucliGUI::state
13:36:57    18 -->                                                                     [tcl] gui_update_simulator_buttons
13:36:59    19 -->                                                                         [tcl] set ucliGUI::state
13:36:59    20 -->                                                                             [tcl] ucliCore::getToolPID
13:36:59    21 -->                                                                                 [tcl] synopsys::env hasTB
13:36:59    22 -->                                                                                     [tcl] trigger_hier_stack_context_switch 0
13:36:59    23 -->                                                                                         [tcl] synUtils::setDVEInitPhase 1
13:36:59    24 -->                                                                                             [tcl] gui_get_env SIMSETUP::SIMVPD
13:36:59    25 --> ...  [tcl] synopsys::dump -type VPD -file /afs/ece.cmu.edu/usr/dzhang2/Private/18240/lab5/inter.vpd -locking
13:36:59    26 --> ...      [tcl] synopsys::dump -autoflush on -fid VPD0
13:36:59    27 --> ...          [tcl] set ::dve_fid VPD0
13:36:59    28 --> ...              [tcl] synUtils::setDVEInitPhase 0
13:36:59    29 --> ...                  [tcl] ucliCore::getToolPID
13:36:59    30 --> ...                      [tcl] synUtils::sendTool -active _icl_setToolSocket /tmp/smlnp2L6bie
13:36:59    31 --> ...                          [tcl] synUtils::sendTool -active {_icl_start_rpc -version "T-2022.06_Full64" -sync_file /tmp/vcs_dve_rpc.dzhang2.13513}
13:36:59    32 --> ...                              [tcl] synUtils::sendTool -active {_icl_createSharedMemory /tmp/vcs_dve_general.dzhang2.13513}
13:36:59    33 --> ...                                  [tcl] dveMisc::vbusExpand Decoder
13:36:59    34 --> ...                                      [tcl] config endofsim noexit
13:36:59    35 --> ...                                          [tcl] config onfail enable all
13:36:59    36 --> ...                                              [tcl] config syscaddplainmembers
13:36:59    37 --> ...                                                  [tcl] config syscaddsourcenames
13:36:59    38 --> ...                                                      [tcl] config syscaddstructtypes
13:36:59    39 --> ...                                                          [tcl] synopsys::listing -disable
13:37:28    40 --> ...                                                              [tcl] dveMisc::vbusExpand test_bench.DUT
13:37:34    41 --> ...                                                                  [tcl] synopsys::dump -add {test_bench.DUT.A_shifted test_bench.DUT.AeqB test_bench.DUT.AgtB test_bench.DUT.B_shifted test_bench.DUT.D test_bench.DUT.ZN_flags test_bench.DUT.a test_bench.DUT.a_new test_bench.DUT.b test_bench.DUT.b_abs test_bench.DUT.b_new test_bench.DUT.clear_counter test_bench.DUT.clear_product test_bench.DUT.clock test_bench.DUT.count test_bench.DUT.done test_bench.DUT.en_counter test_bench.DUT.load test_bench.DUT.load_product test_bench.DUT.not_b test_bench.DUT.not_needed test_bench.DUT.not_product test_bench.DUT.num_to_add test_bench.DUT.out test_bench.DUT.product test_bench.DUT.product_in test_bench.DUT.reset test_bench.DUT.sel test_bench.DUT.sel_a test_bench.DUT.select_add_amount test_bench.DUT.start test_bench.DUT.up } -aggregates  -fid VPD0
13:37:34    42 --> ...                                                                      [tcl] ucliGUI::vpdAddHierarchy -scope test_bench.DUT -depth 1 -file /afs/ece.cmu.edu/usr/dzhang2/Private/18240/lab5/inter.vpd; synopsys::dump -flush VPD0
13:37:35    43 --> ...                                                                          [tcl] synopsys::run
13:37:35    44 --> ...                                                                              [tcl] set ucliGUI::state
13:37:35    45 --> ...                                                                                  [tcl] gui_update_simulator_buttons
13:37:35    46 --> ...                                                                                      [tcl] set ucliGUI::state
13:37:35    47 --> ...                                                                                          [tcl] set ucliGUI::state
13:37:35    48 --> ...                                                                                              [tcl] set ucliGUI::state
13:37:35    49 --> ...                                                                                                  [tcl] catch {senv activeDomain} dveMisc::result 
13:37:35    50 --> ...  [tcl] set dveMisc::result
13:37:35    51 --> ...      [tcl] gui_update_simulator_buttons
13:37:51    52 --> ...          [tcl] if [catch {gui_sim_terminate}] {gui_sim_terminate -kill}
13:37:51    53 --> ...              [tcl] synopsys::finish
13:37:51    54 --> ...                  [tcl] set ucliGUI::state
13:37:51    55 --> ...                      [tcl] gui_update_simulator_buttons
13:37:52    56 --> ...                          [tcl] set ucliGUI::state
13:37:52    57 --> ...                              [tcl] catch {senv activeDomain} dveMisc::result 
13:37:52    58 --> ...                                  [tcl] set dveMisc::result
13:37:52    59 --> ...                                      [tcl] gui_update_simulator_buttons
13:37:52    60 --> ...                                          [tcl] catch {senv activeDomain} dveMisc::result 
13:37:52    61 --> ...                                              [tcl] set dveMisc::result
13:37:52    62 --> ...                                                  [tcl] ucli_exit
